Arguments: 
  C:\Program Files\nodejs\node.exe C:\Users\tkdzn\AppData\Roaming\npm\node_modules\yarn\bin\yarn.js dev

PATH: 
  C:\Program Files\Git\mingw64\bin;C:\Program Files\Git\usr\bin;C:\Users\tkdzn\bin;C:\Python395;C:\Python395\Scripts;C:\Program Files\Common Files\Oracle\Java\javapath;C:\apache-maven-3.8.1\bin;C:\Program Files\Zulu\zulu-11\bin;C:\oraclexe\app\oracle\product\11.2.0\server\bin;C:\Windows\system32;C:\Windows;C:\Windows\System32\Wbem;C:\Windows\System32\WindowsPowerShell\v1.0;C:\Windows\System32\OpenSSH;C:\Program Files\nodejs;C:\Program Files\Git\cmd;C:\Users\tkdzn\AppData\Local\Microsoft\WindowsApps;C:\Users\tkdzn\AppData\Local\GitHubDesktop\bin;C:\Program Files\JetBrains\PyCharm Community Edition 2021.1.1\bin;C:\Users\tkdzn\AppData\Local\Programs\Microsoft VS Code\bin;C:\Users\tkdzn\AppData\Roaming\npm;C:\Program Files (x86)\ESTsoft\ALSee\x64

Yarn version: 
  1.22.17

Node version: 
  16.13.0

Platform: 
  win32 x64

Trace: 
  SyntaxError: C:\Users\tkdzn\Desktop\codecamp_4기_박찬미\class_backend\package.json: Unexpected string in JSON at position 95
      at JSON.parse (<anonymous>)
      at C:\Users\tkdzn\AppData\Roaming\npm\node_modules\yarn\lib\cli.js:1625:59
      at Generator.next (<anonymous>)
      at step (C:\Users\tkdzn\AppData\Roaming\npm\node_modules\yarn\lib\cli.js:310:30)
      at C:\Users\tkdzn\AppData\Roaming\npm\node_modules\yarn\lib\cli.js:321:13

npm manifest: 
  {
    "name": "class_backend",
    "version": "1.0.0",
    "main": "index.js",
    "license": "MIT"
  
    "scripts": {
      "dev" :"node index.js"
  
    }
  }

yarn manifest: 
  No manifest

Lockfile: 
  No lockfile
